2023-11-21 20:55:28,000 - DEBUG - middleware.py - __call__ - 进入自定义中间件
2023-11-21 20:56:46,012 - DEBUG - jwt.py - generate_token - Generated JWT: eyJhbGciOiJIUzI1NiIsInR5cCI6IkpXVCJ9.eyJpZCI6MSwidXNlcm5hbWUiOiJhZG1pbiIsImV4cCI6MTcwMDYxNDYwNn0.OVwJ499Cqmaq1YH_ybW9PHv4_R9rleAHGMTXMxh7Leo
2023-11-21 20:57:29,807 - DEBUG - middleware.py - __call__ - 进入自定义中间件
2023-11-21 20:57:29,808 - DEBUG - jwt.py - parse_token - Token is invalid.
2023-11-21 20:58:35,445 - DEBUG - middleware.py - __call__ - 进入自定义中间件
2023-11-21 20:58:35,446 - DEBUG - jwt.py - parse_token - Token is invalid.
2023-11-21 21:18:48,796 - DEBUG - middleware.py - __call__ - 进入自定义中间件
2023-11-21 21:18:48,796 - DEBUG - jwt.py - parse_token - Token is invalid.
2023-11-21 21:23:25,076 - DEBUG - middleware.py - __call__ - 进入自定义中间件
2023-11-21 21:23:25,076 - DEBUG - jwt.py - parse_token - Token is invalid.
2023-11-21 21:24:33,683 - DEBUG - middleware.py - __call__ - 进入自定义中间件
2023-11-21 21:24:33,683 - DEBUG - jwt.py - parse_token - Token is invalid.
2023-11-21 21:24:38,890 - DEBUG - middleware.py - __call__ - 进入自定义中间件
2023-11-21 21:24:38,900 - DEBUG - jwt.py - generate_token - Generated JWT: eyJhbGciOiJIUzI1NiIsInR5cCI6IkpXVCJ9.eyJpZCI6MSwidXNlcm5hbWUiOiJhZG1pbiIsImV4cCI6MTcwMDYxNjI3OH0.tfSJUf-XOO2FjQgiBZUlWGK-ZcYCGKN2YYVfOcV_fyo
2023-11-21 21:25:27,421 - DEBUG - middleware.py - __call__ - 进入自定义中间件
2023-11-21 21:26:53,733 - DEBUG - middleware.py - __call__ - 进入自定义中间件
2023-11-21 21:26:53,734 - DEBUG - jwt.py - parse_token - Token is invalid.
2023-11-21 21:26:53,736 - DEBUG - middleware.py - __call__ - 进入自定义中间件
2023-11-21 21:26:53,736 - DEBUG - jwt.py - parse_token - Token is invalid.
2023-11-21 21:27:04,662 - DEBUG - middleware.py - __call__ - 进入自定义中间件
2023-11-21 21:27:04,662 - DEBUG - jwt.py - parse_token - Token is invalid.
2023-11-21 21:27:07,612 - DEBUG - middleware.py - __call__ - 进入自定义中间件
2023-11-21 21:27:07,613 - DEBUG - jwt.py - parse_token - Token is invalid.
2023-11-21 21:27:16,628 - DEBUG - middleware.py - __call__ - 进入自定义中间件
2023-11-21 21:27:16,628 - DEBUG - jwt.py - parse_token - Token is invalid.
2023-11-21 21:27:18,963 - DEBUG - middleware.py - __call__ - 进入自定义中间件
2023-11-21 21:27:18,963 - DEBUG - jwt.py - parse_token - Token is invalid.
2023-11-21 21:28:12,383 - DEBUG - middleware.py - __call__ - 进入自定义中间件
2023-11-21 21:28:12,383 - DEBUG - jwt.py - parse_token - Token is invalid.
2023-11-21 21:28:15,815 - DEBUG - middleware.py - __call__ - 进入自定义中间件
2023-11-21 21:28:15,815 - DEBUG - jwt.py - parse_token - Token is invalid.
2023-11-21 21:32:42,020 - DEBUG - jwt.py - parse_token - Token is invalid.
2023-11-21 21:33:21,843 - DEBUG - jwt.py - generate_token - Generated JWT: eyJhbGciOiJIUzI1NiIsInR5cCI6IkpXVCJ9.eyJpZCI6MywidXNlcm5hbWUiOiJmeHMiLCJleHAiOjE3MDA2MTY4MDF9.1MKG42ePWjCEjc7ygRBzsfWyN3ZuTipS6nT4OfSCgmY
2023-11-21 23:01:00,275 - DEBUG - jwt.py - parse_token - Token is invalid.
2023-11-21 23:01:24,990 - DEBUG - jwt.py - generate_token - Generated JWT: eyJhbGciOiJIUzI1NiIsInR5cCI6IkpXVCJ9.eyJpZCI6MywidXNlcm5hbWUiOiJmeHMiLCJleHAiOjE3MDA2MjIwODR9.-TyAAZjGKCtGdVhELdt4JOdcESIe3QKwPS9jRre8qtE
2023-11-21 23:01:37,927 - DEBUG - jwt.py - parse_token - Token is invalid.
2023-11-22 19:17:56,739 - DEBUG - jwt.py - parse_token - Token is expired.
2023-11-22 19:18:04,875 - DEBUG - jwt.py - generate_token - Generated JWT: eyJhbGciOiJIUzI1NiIsInR5cCI6IkpXVCJ9.eyJpZCI6MywidXNlcm5hbWUiOiJmeHMiLCJleHAiOjE3MDA2OTUwODR9.Ct_5k8Sou2pTvLUACg_0OgdsGfEo0AxaIc4DiARPvn0
2023-11-22 19:18:27,202 - DEBUG - jwt.py - generate_token - Generated JWT: eyJhbGciOiJIUzI1NiIsInR5cCI6IkpXVCJ9.eyJpZCI6MSwidXNlcm5hbWUiOiJhZG1pbiIsImV4cCI6MTcwMDY5NTEwN30.7ANgsHcTq9KiEuJgT6RBUj6hfRCIqqTLqh_BtCz6UIc
2023-11-29 20:47:54,725 - DEBUG - jwt.py - parse_token - Token is invalid.
2023-11-29 20:47:54,808 - DEBUG - jwt.py - parse_token - Token is invalid.
2023-11-29 20:48:00,638 - DEBUG - jwt.py - parse_token - Token is invalid.
2023-11-29 20:48:00,663 - DEBUG - jwt.py - parse_token - Token is invalid.
2023-11-29 20:48:03,553 - DEBUG - jwt.py - parse_token - Token is invalid.
2023-11-29 20:48:03,599 - DEBUG - jwt.py - parse_token - Token is invalid.
2023-11-29 20:48:07,337 - DEBUG - jwt.py - parse_token - Token is invalid.
2023-11-29 20:48:07,366 - DEBUG - jwt.py - parse_token - Token is invalid.
2023-11-29 20:48:13,158 - DEBUG - jwt.py - parse_token - Token is invalid.
2023-11-29 20:48:13,182 - DEBUG - jwt.py - parse_token - Token is invalid.
2023-11-29 20:48:34,324 - DEBUG - jwt.py - parse_token - Token is invalid.
2023-11-29 20:51:05,076 - DEBUG - jwt.py - parse_token - Token is invalid.
2023-11-29 20:51:09,432 - DEBUG - jwt.py - parse_token - Token is invalid.
2023-11-29 20:52:36,133 - DEBUG - jwt.py - parse_token - Token is invalid.
2023-11-29 20:52:36,137 - DEBUG - jwt.py - parse_token - Token is invalid.
2023-11-29 20:52:36,138 - DEBUG - jwt.py - parse_token - Token is invalid.
2023-11-29 20:52:36,141 - DEBUG - jwt.py - parse_token - Token is invalid.
2023-11-29 20:52:36,142 - DEBUG - jwt.py - parse_token - Token is invalid.
2023-11-29 20:52:36,143 - DEBUG - jwt.py - parse_token - Token is invalid.
2023-11-29 20:52:36,145 - DEBUG - jwt.py - parse_token - Token is invalid.
2023-11-29 20:52:36,154 - DEBUG - jwt.py - parse_token - Token is invalid.
2023-11-29 20:52:38,538 - DEBUG - jwt.py - parse_token - Token is invalid.
2023-11-29 20:52:38,541 - DEBUG - jwt.py - parse_token - Token is invalid.
2023-11-29 20:52:38,541 - DEBUG - jwt.py - parse_token - Token is invalid.
2023-11-29 20:52:38,542 - DEBUG - jwt.py - parse_token - Token is invalid.
2023-11-29 20:52:38,543 - DEBUG - jwt.py - parse_token - Token is invalid.
2023-11-29 20:52:38,546 - DEBUG - jwt.py - parse_token - Token is invalid.
2023-11-29 20:52:38,547 - DEBUG - jwt.py - parse_token - Token is invalid.
2023-11-29 20:52:38,554 - DEBUG - jwt.py - parse_token - Token is invalid.
2023-11-29 20:53:02,739 - DEBUG - jwt.py - parse_token - Token is invalid.
2023-11-29 20:53:02,804 - DEBUG - jwt.py - parse_token - Token is invalid.
2023-11-29 20:53:06,186 - DEBUG - jwt.py - parse_token - Token is invalid.
2023-11-29 20:53:06,188 - DEBUG - jwt.py - parse_token - Token is invalid.
2023-11-29 20:53:06,189 - DEBUG - jwt.py - parse_token - Token is invalid.
2023-11-29 20:53:06,189 - DEBUG - jwt.py - parse_token - Token is invalid.
2023-11-29 20:53:06,193 - DEBUG - jwt.py - parse_token - Token is invalid.
2023-11-29 20:53:06,193 - DEBUG - jwt.py - parse_token - Token is invalid.
2023-11-29 20:53:06,194 - DEBUG - jwt.py - parse_token - Token is invalid.
2023-11-29 20:53:06,205 - DEBUG - jwt.py - parse_token - Token is invalid.
2023-11-29 20:53:11,268 - DEBUG - jwt.py - parse_token - Token is invalid.
2023-11-29 20:53:11,269 - DEBUG - jwt.py - parse_token - Token is invalid.
2023-11-29 20:53:11,270 - DEBUG - jwt.py - parse_token - Token is invalid.
2023-11-29 20:53:11,270 - DEBUG - jwt.py - parse_token - Token is invalid.
2023-11-29 20:53:11,270 - DEBUG - jwt.py - parse_token - Token is invalid.
2023-11-29 20:53:11,272 - DEBUG - jwt.py - parse_token - Token is invalid.
2023-11-29 20:53:11,273 - DEBUG - jwt.py - parse_token - Token is invalid.
2023-11-29 20:53:11,280 - DEBUG - jwt.py - parse_token - Token is invalid.
2023-11-29 20:53:17,273 - DEBUG - jwt.py - parse_token - Token is invalid.
2023-11-29 20:53:17,275 - DEBUG - jwt.py - parse_token - Token is invalid.
2023-11-29 20:53:17,275 - DEBUG - jwt.py - parse_token - Token is invalid.
2023-11-29 20:53:17,276 - DEBUG - jwt.py - parse_token - Token is invalid.
2023-11-29 20:53:17,277 - DEBUG - jwt.py - parse_token - Token is invalid.
2023-11-29 20:53:17,279 - DEBUG - jwt.py - parse_token - Token is invalid.
2023-11-29 20:53:17,279 - DEBUG - jwt.py - parse_token - Token is invalid.
2023-11-29 20:53:17,286 - DEBUG - jwt.py - parse_token - Token is invalid.
2023-11-29 20:53:23,475 - DEBUG - jwt.py - parse_token - Token is invalid.
2023-11-29 20:53:23,476 - DEBUG - jwt.py - parse_token - Token is invalid.
2023-11-29 20:53:23,476 - DEBUG - jwt.py - parse_token - Token is invalid.
2023-11-29 20:53:23,478 - DEBUG - jwt.py - parse_token - Token is invalid.
2023-11-29 20:53:23,479 - DEBUG - jwt.py - parse_token - Token is invalid.
2023-11-29 20:53:25,801 - DEBUG - jwt.py - parse_token - Token is invalid.
2023-11-29 20:53:25,803 - DEBUG - jwt.py - parse_token - Token is invalid.
2023-11-29 20:53:25,803 - DEBUG - jwt.py - parse_token - Token is invalid.
2023-11-29 20:53:25,803 - DEBUG - jwt.py - parse_token - Token is invalid.
2023-11-29 20:53:25,805 - DEBUG - jwt.py - parse_token - Token is invalid.
2023-11-29 20:53:25,820 - DEBUG - jwt.py - parse_token - Token is invalid.
2023-11-29 20:53:25,821 - DEBUG - jwt.py - parse_token - Token is invalid.
2023-11-29 20:53:25,839 - DEBUG - jwt.py - parse_token - Token is invalid.
2023-11-29 20:54:39,634 - DEBUG - jwt.py - parse_token - Token is invalid.
2023-11-29 20:54:39,723 - DEBUG - jwt.py - parse_token - Token is invalid.
2023-11-29 20:54:45,563 - DEBUG - jwt.py - parse_token - Token is invalid.
2023-11-29 20:54:45,618 - DEBUG - jwt.py - parse_token - Token is invalid.
2023-11-29 20:54:49,390 - DEBUG - jwt.py - parse_token - Token is invalid.
2023-11-29 21:23:38,481 - DEBUG - jwt.py - parse_token - Token is invalid.
2023-11-29 21:27:00,075 - DEBUG - jwt.py - parse_token - Token is invalid.
2023-11-30 19:22:25,918 - DEBUG - jwt.py - parse_token - Token is invalid.
2023-11-30 19:22:27,360 - DEBUG - jwt.py - parse_token - Token is invalid.
2023-11-30 19:22:34,341 - DEBUG - jwt.py - parse_token - Token is invalid.
2023-11-30 19:22:34,425 - DEBUG - jwt.py - parse_token - Token is invalid.
2023-11-30 19:22:40,670 - DEBUG - jwt.py - parse_token - Token is invalid.
2023-11-30 19:22:40,727 - DEBUG - jwt.py - parse_token - Token is invalid.
2023-11-30 19:22:45,224 - DEBUG - jwt.py - parse_token - Token is invalid.
2023-11-30 19:22:48,681 - DEBUG - jwt.py - parse_token - Token is invalid.
2023-11-30 19:27:19,044 - DEBUG - jwt.py - parse_token - Token is invalid.
2023-11-30 19:27:20,167 - DEBUG - jwt.py - parse_token - Token is invalid.
2023-11-30 19:28:34,358 - DEBUG - jwt.py - parse_token - Token is invalid.
2023-11-30 19:28:35,097 - DEBUG - jwt.py - parse_token - Token is invalid.
2023-11-30 19:31:04,894 - DEBUG - jwt.py - parse_token - Token is invalid.
2023-11-30 19:31:11,062 - DEBUG - jwt.py - parse_token - Token is invalid.
2023-11-30 19:31:11,154 - DEBUG - jwt.py - parse_token - Token is invalid.
2023-11-30 19:31:14,832 - DEBUG - jwt.py - parse_token - Token is invalid.
2023-11-30 19:31:20,513 - DEBUG - jwt.py - parse_token - Token is invalid.
2023-11-30 19:35:09,699 - DEBUG - jwt.py - parse_token - Token is invalid.
2023-11-30 19:35:12,125 - DEBUG - jwt.py - parse_token - Token is invalid.
2023-11-30 19:35:17,402 - DEBUG - jwt.py - parse_token - Token is invalid.
2023-11-30 19:35:22,078 - DEBUG - jwt.py - parse_token - Token is invalid.
2023-11-30 19:37:01,690 - DEBUG - jwt.py - parse_token - Token is invalid.
2023-11-30 19:37:08,684 - DEBUG - jwt.py - parse_token - Token is invalid.
2023-11-30 19:37:13,012 - DEBUG - jwt.py - parse_token - Token is invalid.
2023-11-30 19:39:28,299 - DEBUG - jwt.py - parse_token - Token is invalid.
2023-11-30 19:39:33,961 - DEBUG - jwt.py - parse_token - Token is invalid.
2023-11-30 19:39:39,649 - DEBUG - jwt.py - parse_token - Token is invalid.
2023-11-30 19:39:46,431 - DEBUG - jwt.py - parse_token - Token is invalid.
2023-11-30 19:40:00,433 - DEBUG - jwt.py - parse_token - Token is invalid.
2023-11-30 19:40:08,384 - DEBUG - jwt.py - parse_token - Token is invalid.
2023-11-30 19:43:12,864 - DEBUG - jwt.py - parse_token - Token is invalid.
2023-11-30 19:43:57,074 - DEBUG - jwt.py - parse_token - Token is invalid.
2023-11-30 20:03:51,660 - DEBUG - jwt.py - parse_token - Token is invalid.
2023-11-30 20:03:57,778 - DEBUG - jwt.py - parse_token - Token is invalid.
2023-11-30 20:04:08,738 - DEBUG - jwt.py - parse_token - Token is invalid.
2023-11-30 20:10:29,243 - DEBUG - jwt.py - parse_token - Token is invalid.
2023-11-30 20:10:30,329 - DEBUG - jwt.py - parse_token - Token is invalid.
2023-11-30 20:10:40,131 - DEBUG - jwt.py - parse_token - Token is invalid.
2023-11-30 20:10:40,220 - DEBUG - jwt.py - parse_token - Token is invalid.
2023-11-30 20:10:44,189 - DEBUG - jwt.py - parse_token - Token is invalid.
2023-11-30 20:12:00,231 - DEBUG - jwt.py - parse_token - Token is invalid.
2023-11-30 20:12:39,097 - DEBUG - jwt.py - parse_token - Token is invalid.
2023-11-30 20:12:39,857 - DEBUG - jwt.py - parse_token - Token is invalid.
2023-11-30 20:15:03,708 - DEBUG - jwt.py - parse_token - Token is invalid.
2023-11-30 20:15:03,791 - DEBUG - jwt.py - parse_token - Token is invalid.
2023-11-30 20:17:24,907 - DEBUG - jwt.py - parse_token - Token is invalid.
2023-11-30 20:17:24,961 - DEBUG - jwt.py - parse_token - Token is invalid.
2023-11-30 20:17:28,557 - DEBUG - jwt.py - parse_token - Token is invalid.
2023-11-30 20:17:35,557 - DEBUG - jwt.py - parse_token - Token is invalid.
2023-11-30 20:21:21,265 - DEBUG - jwt.py - parse_token - Token is invalid.
2023-11-30 20:21:31,004 - DEBUG - jwt.py - parse_token - Token is invalid.
2023-11-30 20:21:40,062 - DEBUG - jwt.py - parse_token - Token is invalid.
2023-11-30 20:21:53,273 - DEBUG - jwt.py - parse_token - Token is invalid.
2023-11-30 20:22:13,052 - DEBUG - jwt.py - parse_token - Token is invalid.
2023-11-30 20:25:26,092 - DEBUG - jwt.py - parse_token - Token is invalid.
2023-11-30 20:25:30,745 - DEBUG - jwt.py - parse_token - Token is invalid.
2023-11-30 20:26:15,342 - DEBUG - jwt.py - parse_token - Token is invalid.
2023-11-30 20:26:17,873 - DEBUG - jwt.py - parse_token - Token is invalid.
2023-11-30 20:26:20,453 - DEBUG - jwt.py - parse_token - Token is invalid.
2023-11-30 20:26:21,045 - DEBUG - jwt.py - parse_token - Token is invalid.
2023-11-30 20:26:52,401 - DEBUG - jwt.py - parse_token - Token is invalid.
2023-11-30 20:56:19,822 - DEBUG - jwt.py - parse_token - Token is invalid.
2023-12-04 19:37:38,049 - DEBUG - jwt.py - generate_token - Generated JWT: eyJhbGciOiJIUzI1NiIsInR5cCI6IkpXVCJ9.eyJpZCI6MSwidXNlcm5hbWUiOiJhZG1pbiIsImV4cCI6MTcwMTczMzA1OH0.K03uZifRqZyJOZ7acllFkeTlwYPqEAtl9oY03PB0kCM
2023-12-04 19:54:45,327 - DEBUG - jwt.py - generate_token - Generated JWT: eyJhbGciOiJIUzI1NiIsInR5cCI6IkpXVCJ9.eyJpZCI6MSwidXNlcm5hbWUiOiJhZG1pbiIsImV4cCI6MTcwMTczNDA4NX0.uBQSGgxJPFQjhWEcP3TE6PmggJWSd-pxp104V4wxBsM
2023-12-04 20:29:51,481 - DEBUG - jwt.py - generate_token - Generated JWT: eyJhbGciOiJIUzI1NiIsInR5cCI6IkpXVCJ9.eyJpZCI6MSwidXNlcm5hbWUiOiJhZG1pbiIsImV4cCI6MTcwMTczNjE5MX0.Tj36MqkmarnCS8DB9ERO3t8TT8AZeoxVPbMVFryT7Hk
2023-12-04 20:31:01,385 - DEBUG - jwt.py - parse_token - Token is invalid.
2023-12-04 20:31:34,743 - DEBUG - jwt.py - parse_token - Token is invalid.
2023-12-04 20:31:41,611 - DEBUG - jwt.py - parse_token - Token is invalid.
2023-12-04 20:37:37,503 - DEBUG - jwt.py - generate_token - Generated JWT: eyJhbGciOiJIUzI1NiIsInR5cCI6IkpXVCJ9.eyJpZCI6MSwidXNlcm5hbWUiOiJhZG1pbiIsImV4cCI6MTcwMTczNjY1N30.ytNbv9m77tMq9ghN4SPpxxIfLuNHQsqwolOzdtd_dPA
2023-12-05 19:54:37,229 - DEBUG - jwt.py - parse_token - Token is expired.
2023-12-05 19:54:37,229 - DEBUG - jwt.py - parse_token - Token is expired.
2023-12-05 19:54:47,446 - DEBUG - jwt.py - parse_token - Token is expired.
2023-12-05 19:54:48,550 - DEBUG - jwt.py - parse_token - Token is expired.
2023-12-05 19:55:13,922 - DEBUG - jwt.py - generate_token - Generated JWT: eyJhbGciOiJIUzI1NiIsInR5cCI6IkpXVCJ9.eyJpZCI6MSwidXNlcm5hbWUiOiJhZG1pbiIsImV4cCI6MTcwMTgyMDUxM30.Ws7lvSxr-wJjPPFhVZ8Ul62RCGuFrPdXMExLvH6NxEA
2023-12-05 20:24:11,368 - DEBUG - jwt.py - parse_token - Token is invalid.
2023-12-05 20:24:15,440 - DEBUG - jwt.py - parse_token - Token is invalid.
2023-12-05 20:24:17,554 - DEBUG - jwt.py - parse_token - Token is invalid.
2023-12-05 20:29:00,985 - DEBUG - jwt.py - parse_token - Token is invalid.
2023-12-05 20:29:03,756 - DEBUG - jwt.py - parse_token - Token is invalid.
2023-12-05 20:29:09,439 - DEBUG - jwt.py - parse_token - Token is invalid.
2023-12-05 20:30:10,879 - DEBUG - jwt.py - generate_token - Generated JWT: eyJhbGciOiJIUzI1NiIsInR5cCI6IkpXVCJ9.eyJpZCI6MSwidXNlcm5hbWUiOiJhZG1pbiIsImV4cCI6MTcwMTgyMjYxMH0.0a5mo79OmTac6ar_zgBT_zPXy-iePE0JzRSXGvUJbU8
2023-12-05 20:57:02,077 - DEBUG - jwt.py - parse_token - Token is invalid.
2023-12-05 20:57:06,966 - DEBUG - jwt.py - parse_token - Token is invalid.
2023-12-05 20:57:08,785 - DEBUG - jwt.py - parse_token - Token is invalid.
2023-12-05 20:57:10,792 - DEBUG - jwt.py - parse_token - Token is invalid.
2023-12-05 20:57:17,075 - DEBUG - jwt.py - parse_token - Token is invalid.
2023-12-05 20:57:18,516 - DEBUG - jwt.py - parse_token - Token is invalid.
2023-12-05 20:57:21,576 - DEBUG - jwt.py - parse_token - Token is invalid.
2023-12-05 20:58:31,852 - DEBUG - jwt.py - parse_token - Token is invalid.
2023-12-05 21:00:59,896 - DEBUG - jwt.py - parse_token - Token is invalid.
2023-12-05 21:01:04,630 - DEBUG - jwt.py - parse_token - Token is invalid.
2023-12-05 21:01:14,350 - DEBUG - jwt.py - parse_token - Token is invalid.
2023-12-05 21:01:45,129 - DEBUG - jwt.py - parse_token - Token is invalid.
2023-12-05 21:01:47,413 - DEBUG - jwt.py - parse_token - Token is invalid.
2023-12-05 21:01:55,412 - DEBUG - jwt.py - parse_token - Token is invalid.
2023-12-05 21:13:11,515 - DEBUG - jwt.py - parse_token - Token is invalid.
2023-12-05 21:13:13,385 - DEBUG - jwt.py - parse_token - Token is invalid.
2023-12-05 21:13:18,670 - DEBUG - jwt.py - parse_token - Token is invalid.
2023-12-05 21:13:20,272 - DEBUG - jwt.py - parse_token - Token is invalid.
2023-12-05 21:13:26,639 - DEBUG - jwt.py - parse_token - Token is invalid.
2023-12-05 21:32:38,129 - DEBUG - jwt.py - generate_token - Generated JWT: eyJhbGciOiJIUzI1NiIsInR5cCI6IkpXVCJ9.eyJpZCI6MTEsInVzZXJuYW1lIjoic2VsbGVyIiwiZXhwIjoxNzAxODI2MzU4fQ.aDosUsIh_gP0sPi0Hsu3j_94LzeX6op42v-I2uq7raE
2023-12-05 21:33:07,833 - DEBUG - jwt.py - parse_token - Token is invalid.
2023-12-05 21:33:33,428 - DEBUG - jwt.py - parse_token - Token is invalid.
2023-12-05 21:34:00,897 - DEBUG - jwt.py - parse_token - Token is invalid.
2023-12-06 19:02:07,209 - DEBUG - jwt.py - parse_token - Token is expired.
2023-12-06 19:02:07,208 - DEBUG - jwt.py - parse_token - Token is expired.
2023-12-06 19:02:20,996 - DEBUG - jwt.py - parse_token - Token is expired.
2023-12-06 19:03:05,829 - DEBUG - jwt.py - generate_token - Generated JWT: eyJhbGciOiJIUzI1NiIsInR5cCI6IkpXVCJ9.eyJpZCI6MSwidXNlcm5hbWUiOiJhZG1pbiIsImV4cCI6MTcwMTkwMzc4NX0.CzgY-c-SxAmgJ8DGubFrmHLJ7WvYjqQT64c3YxajK_s
2023-12-06 19:04:34,803 - DEBUG - jwt.py - parse_token - Token is expired.
2023-12-06 19:05:03,401 - DEBUG - jwt.py - generate_token - Generated JWT: eyJhbGciOiJIUzI1NiIsInR5cCI6IkpXVCJ9.eyJpZCI6MTEsInVzZXJuYW1lIjoic2VsbGVyIiwiZXhwIjoxNzAxOTAzOTAzfQ.L30pIAwogs4aW-qke80rqtVyr9U4vyHXOu3iKfkC33Q
2023-12-06 19:05:12,796 - DEBUG - jwt.py - parse_token - Token is invalid.
2023-12-06 19:05:17,860 - DEBUG - jwt.py - parse_token - Token is invalid.
2023-12-06 19:18:38,043 - DEBUG - jwt.py - parse_token - Token is invalid.
2023-12-06 19:32:11,532 - DEBUG - jwt.py - parse_token - Token is invalid.
2023-12-06 19:32:15,164 - DEBUG - jwt.py - parse_token - Token is invalid.
2023-12-06 20:19:15,405 - DEBUG - jwt.py - generate_token - Generated JWT: eyJhbGciOiJIUzI1NiIsInR5cCI6IkpXVCJ9.eyJpZCI6MSwidXNlcm5hbWUiOiJhZG1pbiIsImV4cCI6MTcwMTkwODM1NX0.2Enjh9HWHWk0GbFmefvBPSn2f8TU2Myq1hHIAkAwQw0
